Started GET "/" for ::1 at 2019-12-23 11:31:11 +0300
  [1m[35m (0.2ms)[0m  [1m[34mSELECT "schema_migrations"."version" FROM "schema_migrations" ORDER BY "schema_migrations"."version" ASC[0m
  ↳ /home/vowanchik/.rvm/gems/ruby-2.6.5/gems/activerecord-5.2.3/lib/active_record/log_subscriber.rb:98
Processing by HandlerController#send as HTML
  Rendering handler/send.html.erb within layouts/application
  Rendered handler/send.html.erb within layouts/application (2.8ms)
Completed 200 OK in 1760ms (Views: 1753.4ms | ActiveRecord: 0.0ms)


Started GET "/answer?utf8=%E2%9C%93&arr=1+2+3+4+1+2+3&commit=%D0%93%D0%BE%D1%82%D0%BE%D0%B2%D0%BE" for ::1 at 2019-12-23 11:31:20 +0300
Processing by HandlerController#answer as HTML
  Parameters: {"utf8"=>"✓", "arr"=>"1 2 3 4 1 2 3", "commit"=>"Готово"}
  [1m[36mRec Load (0.5ms)[0m  [1m[34mSELECT  "recs".* FROM "recs" WHERE "recs"."seq" = ? LIMIT ?[0m  [["seq", "1 2 3 4 1 2 3"], ["LIMIT", 1]]
  ↳ app/controllers/handler_controller.rb:7
  [1m[35m (0.1ms)[0m  [1m[36mbegin transaction[0m
  ↳ app/controllers/handler_controller.rb:13
  [1m[36mRec Create (0.6ms)[0m  [1m[32mINSERT INTO "recs" ("seq", "res", "created_at", "updated_at") VALUES (?, ?, ?, ?)[0m  [["seq", "1 2 3 4 1 2 3"], ["res", "<table><thead></thead><tbody><tr><td>Sequences</td><td>Max</td></tr><tr><td>1 2 3 4<br />1 2 3</td><td>1 2 3 4</td></tr></tbody></table>"], ["created_at", "2019-12-23 08:31:20.557266"], ["updated_at", "2019-12-23 08:31:20.557266"]]
  ↳ app/controllers/handler_controller.rb:13
  [1m[35m (7.2ms)[0m  [1m[36mcommit transaction[0m
  ↳ app/controllers/handler_controller.rb:13
  [1m[36mRec Load (0.4ms)[0m  [1m[34mSELECT  "recs".* FROM "recs" WHERE "recs"."seq" = ? LIMIT ?[0m  [["seq", "1 2 3 4 1 2 3"], ["LIMIT", 1]]
  ↳ app/controllers/handler_controller.rb:15
  Rendering inline template
  Rendered inline template (0.4ms)
Completed 200 OK in 82ms (Views: 1.2ms | ActiveRecord: 11.1ms)


