Started GET "/" for ::1 at 2019-12-23 11:33:19 +0300
  [1m[35m (0.3ms)[0m  [1m[34mSELECT "schema_migrations"."version" FROM "schema_migrations" ORDER BY "schema_migrations"."version" ASC[0m
  ↳ /home/vowanchik/.rvm/gems/ruby-2.6.5/gems/activerecord-5.2.4/lib/active_record/log_subscriber.rb:98
Processing by AuthController#index as HTML
  Rendering auth/index.html.erb within layouts/application
  Rendered auth/index.html.erb within layouts/application (7.4ms)
Completed 200 OK in 562ms (Views: 551.3ms | ActiveRecord: 0.0ms)


Started POST "/" for ::1 at 2019-12-23 11:33:28 +0300
Processing by AuthController#index as HTML
  Parameters: {"utf8"=>"✓", "authenticity_token"=>"DoeumbyH5jAs9czXY6H6AIFi9CmCCfS7Yw/joWTXoVbNcdB80aNQH3LGQwXb2t8o4W7ISARLRIN2WXTw8mvR4w==", "username"=>"lololoshka", "pwd"=>"konvert2013", "commit"=>"Sign in"}
  [1m[36mUser Load (0.4ms)[0m  [1m[34mSELECT  "users".* FROM "users" WHERE "users"."username" = ? LIMIT ?[0m  [["username", "lololoshka"], ["LIMIT", 1]]
  ↳ app/controllers/auth_controller.rb:10
  Rendering auth/index.html.erb within layouts/application
  Rendered auth/index.html.erb within layouts/application (2.7ms)
Completed 200 OK in 46ms (Views: 22.4ms | ActiveRecord: 1.7ms)


  [1m[35m (0.2ms)[0m  [1m[34mSELECT "schema_migrations"."version" FROM "schema_migrations" ORDER BY "schema_migrations"."version" ASC[0m
  ↳ bin/rails:9
  [1m[36mActiveRecord::InternalMetadata Load (0.2ms)[0m  [1m[34mSELECT  "ar_internal_metadata".* FROM "ar_internal_metadata" WHERE "ar_internal_metadata"."key" = ? LIMIT ?[0m  [["key", "environment"], ["LIMIT", 1]]
  ↳ bin/rails:9
  [1m[35m (0.1ms)[0m  [1m[36mbegin transaction[0m
  ↳ bin/rails:9
  [1m[35m (0.0ms)[0m  [1m[36mcommit transaction[0m
  ↳ bin/rails:9
  [1m[35m (0.1ms)[0m  [1m[34mSELECT "schema_migrations"."version" FROM "schema_migrations" ORDER BY "schema_migrations"."version" ASC[0m
  ↳ bin/rails:9
Started POST "/" for ::1 at 2019-12-23 11:33:53 +0300
  [1m[35m (0.3ms)[0m  [1m[34mSELECT "schema_migrations"."version" FROM "schema_migrations" ORDER BY "schema_migrations"."version" ASC[0m
  ↳ /home/vowanchik/.rvm/gems/ruby-2.6.5/gems/activerecord-5.2.4/lib/active_record/log_subscriber.rb:98
Processing by AuthController#index as HTML
  Parameters: {"utf8"=>"✓", "authenticity_token"=>"DoeumbyH5jAs9czXY6H6AIFi9CmCCfS7Yw/joWTXoVbNcdB80aNQH3LGQwXb2t8o4W7ISARLRIN2WXTw8mvR4w==", "username"=>"lololoshka", "pwd"=>"konvert2013", "commit"=>"Sign in"}
  [1m[36mUser Load (0.3ms)[0m  [1m[34mSELECT  "users".* FROM "users" WHERE "users"."username" = ? LIMIT ?[0m  [["username", "lololoshka"], ["LIMIT", 1]]
  ↳ app/controllers/auth_controller.rb:10
  Rendering auth/index.html.erb within layouts/application
  Rendered auth/index.html.erb within layouts/application (1.9ms)
Completed 200 OK in 402ms (Views: 367.7ms | ActiveRecord: 0.7ms)


Started POST "/" for ::1 at 2019-12-23 11:34:00 +0300
Processing by AuthController#index as HTML
  Parameters: {"utf8"=>"✓", "authenticity_token"=>"AGVeuJbhjTxFU1ngiabq0zdr3KfsYigjc4pMQRC5NyvDkyBd+8U7Extg1jIx3c/7V2fgxmogmBtm3NsQhgVHng==", "username"=>"lololoshka", "pwd"=>"konvert2013", "commit"=>"Sign in"}
  [1m[36mUser Load (0.2ms)[0m  [1m[34mSELECT  "users".* FROM "users" WHERE "users"."username" = ? LIMIT ?[0m  [["username", "lololoshka"], ["LIMIT", 1]]
  ↳ app/controllers/auth_controller.rb:10
  Rendering auth/index.html.erb within layouts/application
  Rendered auth/index.html.erb within layouts/application (3.8ms)
Completed 200 OK in 32ms (Views: 29.3ms | ActiveRecord: 0.2ms)


Started GET "/users/new" for ::1 at 2019-12-23 11:34:02 +0300
Processing by UsersController#new as HTML
  Rendering users/new.html.erb within layouts/application
  Rendered users/_form.html.erb (202.8ms)
  Rendered users/new.html.erb within layouts/application (207.0ms)
Completed 200 OK in 288ms (Views: 247.7ms | ActiveRecord: 2.2ms)


Started POST "/users" for ::1 at 2019-12-23 11:34:08 +0300
Processing by UsersController#create as HTML
  Parameters: {"utf8"=>"✓", "authenticity_token"=>"S5RmK/yKvLtemQ3HeuL8p+AarusYzpwxnhwlJAhExehzGGduIxHIvLu4TAahLVD82KSYKtBnFT2cnXJIKmIjYw==", "user"=>{"username"=>"lololoshka", "password"=>"[FILTERED]"}, "commit"=>"Create User"}
  [1m[35m (0.1ms)[0m  [1m[36mbegin transaction[0m
  ↳ app/controllers/users_controller.rb:47
  [1m[36mUser Exists (0.2ms)[0m  [1m[34mSELECT  1 AS one FROM "users" WHERE "users"."username" = ? LIMIT ?[0m  [["username", "lololoshka"], ["LIMIT", 1]]
  ↳ app/controllers/users_controller.rb:47
  [1m[36mUser Create (0.3ms)[0m  [1m[32mINSERT INTO "users" ("username", "created_at", "updated_at", "password_digest") VALUES (?, ?, ?, ?)[0m  [["username", "lololoshka"], ["created_at", "2019-12-23 08:34:09.138613"], ["updated_at", "2019-12-23 08:34:09.138613"], ["password_digest", "$2a$12$4wVHSu8ntbR6pYNefQ1sguoyV1F4XKmJAHxFTvSQgjf/6E0.R9xU6"]]
  ↳ app/controllers/users_controller.rb:47
  [1m[35m (7.6ms)[0m  [1m[36mcommit transaction[0m
  ↳ app/controllers/users_controller.rb:47
Redirected to http://localhost:3000/users/6
Completed 302 Found in 298ms (ActiveRecord: 8.1ms)


Started GET "/users/6" for ::1 at 2019-12-23 11:34:09 +0300
Processing by UsersController#show as HTML
  Parameters: {"id"=>"6"}
  [1m[36mUser Load (0.4ms)[0m  [1m[34mSELECT  "users".* FROM "users" WHERE "users"."id" = ? LIMIT ?[0m  [["id", 6], ["LIMIT", 1]]
  ↳ app/controllers/users_controller.rb:88
  Rendering users/show.html.erb within layouts/application
  Rendered users/show.html.erb within layouts/application (0.9ms)
Completed 200 OK in 16ms (Views: 12.1ms | ActiveRecord: 0.4ms)


Started GET "/users" for ::1 at 2019-12-23 11:34:14 +0300
Processing by UsersController#index as HTML
  [1m[36mUser Load (1.3ms)[0m  [1m[34mSELECT  "users".* FROM "users" WHERE "users"."id" IS NULL LIMIT ?[0m  [["LIMIT", 1]]
  ↳ app/controllers/users_controller.rb:8
  Rendering users/index.html.erb within layouts/application
  [1m[36mUser Load (0.5ms)[0m  [1m[34mSELECT "users".* FROM "users"[0m
  ↳ app/views/users/index.html.erb:14
  Rendered users/index.html.erb within layouts/application (5.5ms)
Completed 200 OK in 58ms (Views: 40.6ms | ActiveRecord: 1.8ms)


Started GET "/users/new" for ::1 at 2019-12-23 11:34:18 +0300
Processing by UsersController#new as HTML
  Rendering users/new.html.erb within layouts/application
  Rendered users/_form.html.erb (7.0ms)
  Rendered users/new.html.erb within layouts/application (10.3ms)
Completed 200 OK in 49ms (Views: 46.2ms | ActiveRecord: 0.0ms)


Started GET "/users" for ::1 at 2019-12-23 11:34:22 +0300
Processing by UsersController#index as HTML
  [1m[36mUser Load (0.3ms)[0m  [1m[34mSELECT  "users".* FROM "users" WHERE "users"."id" IS NULL LIMIT ?[0m  [["LIMIT", 1]]
  ↳ app/controllers/users_controller.rb:8
  Rendering users/index.html.erb within layouts/application
  [1m[36mUser Load (0.3ms)[0m  [1m[34mSELECT "users".* FROM "users"[0m
  ↳ app/views/users/index.html.erb:14
  Rendered users/index.html.erb within layouts/application (5.9ms)
Completed 200 OK in 43ms (Views: 37.9ms | ActiveRecord: 0.6ms)


Started GET "/users/new" for ::1 at 2019-12-23 11:34:26 +0300
Processing by UsersController#new as HTML
  Rendering users/new.html.erb within layouts/application
  Rendered users/_form.html.erb (12.6ms)
  Rendered users/new.html.erb within layouts/application (18.7ms)
Completed 200 OK in 73ms (Views: 65.1ms | ActiveRecord: 0.0ms)


Started GET "/users" for ::1 at 2019-12-23 11:34:30 +0300
Processing by UsersController#index as HTML
  [1m[36mUser Load (0.3ms)[0m  [1m[34mSELECT  "users".* FROM "users" WHERE "users"."id" IS NULL LIMIT ?[0m  [["LIMIT", 1]]
  ↳ app/controllers/users_controller.rb:8
  Rendering users/index.html.erb within layouts/application
  [1m[36mUser Load (0.3ms)[0m  [1m[34mSELECT "users".* FROM "users"[0m
  ↳ app/views/users/index.html.erb:14
  Rendered users/index.html.erb within layouts/application (4.6ms)
Completed 200 OK in 44ms (Views: 34.6ms | ActiveRecord: 0.7ms)


