Started GET "/" for ::1 at 2019-12-23 11:18:32 +0300
Processing by ContController#main as HTML
  Rendering cont/main.html.erb within layouts/application
  Rendered cont/main.html.erb within layouts/application (1.6ms)
Completed 200 OK in 1797ms (Views: 1790.5ms | ActiveRecord: 0.0ms)


Started GET "/answer?utf8=%E2%9C%93&arr=1+2+3+4+5+3+4+5&commit=%D0%93%D0%BE%D1%82%D0%BE%D0%B2%D0%BE" for ::1 at 2019-12-23 11:18:43 +0300
Processing by ContController#answer as HTML
  Parameters: {"utf8"=>"✓", "arr"=>"1 2 3 4 5 3 4 5", "commit"=>"Готово"}
  Rendering cont/answer.html.erb within layouts/application
  Rendered cont/answer.html.erb within layouts/application (1.3ms)
Completed 200 OK in 54ms (Views: 51.3ms | ActiveRecord: 0.0ms)


Started GET "/" for ::1 at 2019-12-26 01:30:12 +0300
Processing by ContController#main as HTML
  Rendering cont/main.html.erb within layouts/application
  Rendered cont/main.html.erb within layouts/application (1.2ms)
Completed 200 OK in 196ms (Views: 191.6ms | ActiveRecord: 0.0ms)


Started GET "/answer?utf8=%E2%9C%93&arr=1+2+3+4+6+-1+-2+0+1+2&commit=%D0%93%D0%BE%D1%82%D0%BE%D0%B2%D0%BE" for ::1 at 2019-12-26 01:33:46 +0300
Processing by ContController#answer as HTML
  Parameters: {"utf8"=>"✓", "arr"=>"1 2 3 4 6 -1 -2 0 1 2", "commit"=>"Готово"}
  Rendering cont/answer.html.erb within layouts/application
  Rendered cont/answer.html.erb within layouts/application (0.4ms)
Completed 200 OK in 11ms (Views: 10.7ms | ActiveRecord: 0.0ms)


Started GET "/answer?utf8=%E2%9C%93&arr=1+2+3+4+6+-1+-2+0+1+2&commit=%D0%93%D0%BE%D1%82%D0%BE%D0%B2%D0%BE" for 127.0.0.1 at 2019-12-26 01:36:43 +0300
Processing by ContController#answer as HTML
  Parameters: {"utf8"=>"✓", "arr"=>"1 2 3 4 6 -1 -2 0 1 2", "commit"=>"Готово"}
  Rendering cont/answer.html.erb within layouts/application
  Rendered cont/answer.html.erb within layouts/application (0.4ms)
Completed 200 OK in 12ms (Views: 10.9ms | ActiveRecord: 0.0ms)


Started GET "/" for ::1 at 2019-12-26 02:44:36 +0300
Processing by ContController#main as HTML
  Rendering cont/main.html.erb within layouts/application
  Rendered cont/main.html.erb within layouts/application (2.3ms)
Completed 200 OK in 406ms (Views: 396.5ms | ActiveRecord: 0.0ms)


Started GET "/answer?utf8=%E2%9C%93&arr=1+2+3+2&commit=%D0%93%D0%BE%D1%82%D0%BE%D0%B2%D0%BE" for ::1 at 2019-12-26 02:44:49 +0300
Processing by ContController#answer as HTML
  Parameters: {"utf8"=>"✓", "arr"=>"1 2 3 2", "commit"=>"Готово"}
  Rendering cont/answer.html.erb within layouts/application
  Rendered cont/answer.html.erb within layouts/application (2.1ms)
Completed 200 OK in 64ms (Views: 59.3ms | ActiveRecord: 0.0ms)


